['0']
['21']
{'0': [['1', '10'], [], [], []], '1': [['2', '6'], [], [], []], '2': [['3', '5'], [], [], []], '3': [[], [], ['4'], []], '4': [['3', '5'], [], [], []], '5': [['8'], [], [], []], '6': [[], ['7'], [], []], '7': [['8'], [], [], []], '8': [[], [], [], ['9']], '9': [['21'], [], [], []], '10': [['11', '15'], [], [], []], '11': [['12', '14'], [], [], []], '12': [[], ['13'], [], []], '13': [['12', '14'], [], [], []], '14': [['17'], [], [], []], '15': [[], [], ['16'], []], '16': [['17'], [], [], []], '17': [['18', '20'], [], [], []], '18': [[], [], [], ['19']], '19': [['18', '20'], [], [], []], '20': [['21'], [], [], []], '21': [[], [], [], []]}
   |  State  |  ε  |  a  |  b  |  c  |
   -----------------------------------
 ->|    0    |1,10 |     |     |     |
   -----------------------------------
   |    1    | 2,6 |     |     |     |
   -----------------------------------
   |    2    | 3,5 |     |     |     |
   -----------------------------------
   |    3    |     |     |  4  |     |
   -----------------------------------
   |    4    | 3,5 |     |     |     |
   -----------------------------------
   |    5    |  8  |     |     |     |
   -----------------------------------
   |    6    |     |  7  |     |     |
   -----------------------------------
   |    7    |  8  |     |     |     |
   -----------------------------------
   |    8    |     |     |     |  9  |
   -----------------------------------
   |    9    | 21  |     |     |     |
   -----------------------------------
   |   10    |11,15|     |     |     |
   -----------------------------------
   |   11    |12,14|     |     |     |
   -----------------------------------
   |   12    |     | 13  |     |     |
   -----------------------------------
   |   13    |12,14|     |     |     |
   -----------------------------------
   |   14    | 17  |     |     |     |
   -----------------------------------
   |   15    |     |     | 16  |     |
   -----------------------------------
   |   16    | 17  |     |     |     |
   -----------------------------------
   |   17    |18,20|     |     |     |
   -----------------------------------
   |   18    |     |     |     | 19  |
   -----------------------------------
   |   19    |18,20|     |     |     |
   -----------------------------------
   |   20    | 21  |     |     |     |
   -----------------------------------
 <-|   21    |     |     |     |     |
   -----------------------------------
There is a transition labelled by epsilon, the automata is not deterministic
   |  State  |     ε     |  a  |  b  |  c  |
   -----------------------------------------
 ->|    0    |  {1.10}   |     |     |     |
   -----------------------------------------
   | {1.10}  |{11.15.2.6}|     |     |     |
   -----------------------------------------
   |{11.15.2.6}|{12.14.3.5}|  7  | 16  |     |
   -----------------------------------------
   |{12.14.3.5}|  {17.8}   | 13  |  4  |     |
   -----------------------------------------
   |    7    |     8     |     |     |     |
   -----------------------------------------
   |   16    |    17     |     |     |     |
   -----------------------------------------
   | {17.8}  |  {18.20}  |     |     |  9  |
   -----------------------------------------
   |   13    |  {12.14}  |     |     |     |
   -----------------------------------------
   |    4    |   {3.5}   |     |     |     |
   -----------------------------------------
   |    8    |           |     |     |  9  |
   -----------------------------------------
   |   17    |  {18.20}  |     |     |     |
   -----------------------------------------
   | {18.20} |    21     |     |     | 19  |
   -----------------------------------------
   |    9    |    21     |     |     |     |
   -----------------------------------------
   | {12.14} |    17     | 13  |     |     |
   -----------------------------------------
   |  {3.5}  |     8     |     |  4  |     |
   -----------------------------------------
 <-|   21    |           |     |     |     |
   -----------------------------------------
   |   19    |  {18.20}  |     |     |     |
   -----------------------------------------
The automata is standard.
The automaton is already standard
The automata is complete.
There is a transition labelled by epsilon, the automata is not deterministic

Please enter the word to be tested.
If you wish to stop testing you can enter the word in between the quotes : 	'#end'
['']
You may have entered a symbol that is not a part of the alphabet.

Oh No!	The word you entered is not a part of the langage of this FA

Please enter the word to be tested.
If you wish to stop testing you can enter the word in between the quotes : 	'#end'
